|-----|-----|-----|-----|
|   0 |   2 |   0 |   0 |
|-----|-----|-----|-----|
|   4 |   8 |   0 |   2 |
|-----|-----|-----|-----|
|  16 |   2 |   2 |   0 |
|-----|-----|-----|-----|
|   4 |   8 |   8 |   4 |
|-----|-----|-----|-----|
Your score: 92
(鈫?u) (鈫?d) (鈫?l) (鈫?r) (quit:q):d
|-----|-----|-----|-----|
|   0 |   2 |   0 |   0 |
|-----|-----|-----|-----|
|   4 |   8 |   0 |   4 |
|-----|-----|-----|-----|
|  16 |   2 |   2 |   2 |
|-----|-----|-----|-----|
|   4 |   8 |   8 |   4 |
|-----|-----|-----|-----|
Your score: 92
(鈫?u) (鈫?d) (鈫?l) (鈫?r) (quit:q):