# bug:

|-----|-----|-----|-----|
|   2 |   2 |   0 |   2 |
|-----|-----|-----|-----|
|   4 |   4 |   2 |   4 |
|-----|-----|-----|-----|
|   8 |   8 |   4 |   2 |
|-----|-----|-----|-----|
|  16 |  16 |  32 |  16 |
|-----|-----|-----|-----|
Your score: 292
(鈫?u) (鈫?d) (鈫?l) (鈫?r) (quit:q):d
|-----|-----|-----|-----|
|   2 |   2 |   2 |   2 |
|-----|-----|-----|-----|
|   4 |   4 |   2 |   4 |
|-----|-----|-----|-----|
|   8 |   8 |   4 |   2 |
|-----|-----|-----|-----|
|  16 |  16 |  32 |  16 |
|-----|-----|-----|-----|
Your score: 292
(鈫?u) (鈫?d) (鈫?l) (鈫?r) (quit:q):d
|-----|-----|-----|-----|
|   2 |   2 |   2 |   2 |
|-----|-----|-----|-----|
|   4 |   4 |   4 |   4 |
|-----|-----|-----|-----|
|   8 |   8 |   4 |   2 |
|-----|-----|-----|-----|
|  16 |  16 |  32 |  16 |
|-----|-----|-----|-----|
Your score: 296
(鈫?u) (鈫?d) (鈫?l) (鈫?r) (quit:q):d
|-----|-----|-----|-----|
|   2 |   2 |   2 |   2 |
|-----|-----|-----|-----|
|   4 |   4 |   2 |   4 |
|-----|-----|-----|-----|
|   8 |   8 |   8 |   2 |
|-----|-----|-----|-----|
|  16 |  16 |  32 |  16 |
|-----|-----|-----|-----|
Your score: 304
(鈫?u) (鈫?d) (鈫?l) (鈫?r) (quit:q):d
Game over.

#end bug

# Fix:

# Case1:

|-----|-----|-----|-----|
|   2 |   2 |   2 |   2 |
|-----|-----|-----|-----|
|   4 |   4 |   2 |   4 |
|-----|-----|-----|-----|
|   8 |   8 |   8 |   2 |
|-----|-----|-----|-----|
|  16 |  16 |  32 |  16 |
|-----|-----|-----|-----|
Your score: 0
(鈫?u) (鈫?d) (鈫?l) (鈫?r) (quit:q):d
|-----|-----|-----|-----|
|   2 |   2 |   2 |   2 |
|-----|-----|-----|-----|
|   4 |   4 |   4 |   4 |
|-----|-----|-----|-----|
|   8 |   8 |   8 |   2 |
|-----|-----|-----|-----|
|  16 |  16 |  32 |  16 |
|-----|-----|-----|-----|
Your score: 4
(鈫?u) (鈫?d) (鈫?l) (鈫?r) (quit:q):d
PS C:\Users\Fu_Quantong\Documents\ACM\OOP_homework\Term_Project_Refined> 

# end Case1

# Case2:

|-----|-----|-----|-----|
|   2 |   2 |   2 |   2 |
|-----|-----|-----|-----|
|   4 |   4 |   2 |   4 |
|-----|-----|-----|-----|
|   8 |   8 |   8 |   2 |
|-----|-----|-----|-----|
|  16 |  16 |  32 |  16 |
|-----|-----|-----|-----|
Your score: 0
(鈫?u) (鈫?d) (鈫?l) (鈫?r) (quit:q):d
|-----|-----|-----|-----|
|   2 |   2 |   2 |   2 |
|-----|-----|-----|-----|
|   4 |   4 |   4 |   4 |
|-----|-----|-----|-----|
|   8 |   8 |   8 |   2 |
|-----|-----|-----|-----|
|  16 |  16 |  32 |  16 |
|-----|-----|-----|-----|
Your score: 4
(鈫?u) (鈫?d) (鈫?l) (鈫?r) (quit:q):l
|-----|-----|-----|-----|
|   4 |   4 |     |     |
|-----|-----|-----|-----|
|   8 |   8 |     |   2 |
|-----|-----|-----|-----|
|  16 |   8 |   2 |     |
|-----|-----|-----|-----|
|  32 |  32 |  16 |     |
|-----|-----|-----|-----|
Your score: 76
(鈫?u) (鈫?d) (鈫?l) (鈫?r) (quit:q):

#end Case2

#end Fix